<?xml version="1.0" encoding="UTF-8"?>
<!-- Generated by org.testng.reporters.JUnitReportReporter -->
<testsuite skipped="0" hostname="lapa1210" name="com.project.scripts.MyTest" tests="1" failures="0" timestamp="07 Jan 2020 12:04:08 GMT" time="0.005" errors="0">
  <testcase name="test" time="0.005" classname="com.project.scripts.MyTest"/>
</testsuite> <!-- com.project.scripts.MyTest -->
