<?xml version="1.0" encoding="UTF-8"?>
<!-- Generated by org.testng.reporters.JUnitReportReporter -->
<testsuite skipped="0" hostname="lapa1210" name="com.lapa.google.scripts.GoogleSearchTest" tests="1" failures="0" timestamp="06 Jan 2020 07:49:10 GMT" time="24.955" errors="0">
  <testcase name="googleSearch" time="24.955" classname="com.lapa.google.scripts.GoogleSearchTest"/>
</testsuite> <!-- com.lapa.google.scripts.GoogleSearchTest -->
